<?xml version="1.0" encoding="UTF-8" ?>
<testsuite tests="14" failures="0" name="cucumber.Options.TestRunner" time="82.958" errors="0" skipped="0">
  <properties>
    <property name="java.runtime.name" value="Java(TM) SE Runtime Environment"/>
    <property name="java.vm.version" value="11.0.7+8-LTS"/>
    <property name="sun.boot.library.path" value="C:\Program Files\Java\jdk-11.0.7\bin"/>
    <property name="maven.multiModuleProjectDirectory" value="C:\Users\hithg\Desktop\pythonlearning\JavaLearning\restassured course\MealcardsTestAPI"/>
    <property name="java.vm.vendor" value="Oracle Corporation"/>
    <property name="java.vendor.url" value="https://openjdk.java.net/"/>
    <property name="guice.disable.misplaced.annotation.check" value="true"/>
    <property name="path.separator" value=";"/>
    <property name="java.vm.name" value="Java HotSpot(TM) 64-Bit Server VM"/>
    <property name="sun.os.patch.level" value=""/>
    <property name="user.script" value=""/>
    <property name="user.country" value="PL"/>
    <property name="sun.java.launcher" value="SUN_STANDARD"/>
    <property name="java.vm.specification.name" value="Java Virtual Machine Specification"/>
    <property name="user.dir" value="C:\Users\hithg\Desktop\pythonlearning\JavaLearning\restassured course\MealcardsTestAPI"/>
    <property name="java.vm.compressedOopsMode" value="Zero based"/>
    <property name="java.runtime.version" value="11.0.7+8-LTS"/>
    <property name="java.awt.graphicsenv" value="sun.awt.Win32GraphicsEnvironment"/>
    <property name="os.arch" value="amd64"/>
    <property name="java.io.tmpdir" value="C:\Users\hithg\AppData\Local\Temp\"/>
    <property name="line.separator" value="
"/>
    <property name="java.vm.specification.vendor" value="Oracle Corporation"/>
    <property name="user.variant" value=""/>
    <property name="os.name" value="Windows 10"/>
    <property name="classworlds.conf" value="C:\Users\hithg\Desktop\pythonlearning\JavaLearning\apache-maven-3.6.3\bin\..\bin\m2.conf"/>
    <property name="sun.jnu.encoding" value="Cp1250"/>
    <property name="java.library.path" value="C:\Program Files\Java\jdk-11.0.7\bin;C:\Windows\Sun\Java\bin;C:\Windows\system32;C:\Windows;C:\Program Files (x86)\NVIDIA Corporation\PhysX\Common;C:\Program Files (x86)\Razer\ChromaBroadcast\bin;C:\Program Files\Razer\ChromaBroadcast\bin;C:\Program Files (x86)\Razer Chroma SDK\bin;C:\Program Files\Razer Chroma SDK\bin;C:\Windows\system32;C:\Windows;C:\Windows\System32\Wbem;C:\Windows\System32\WindowsPowerShell\v1.0\;C:\Windows\System32\OpenSSH\;C:\Windows\system32\config\systemprofile\AppData\Local\Microsoft\WindowsApps;C:\Program Files\Git\cmd;C:\Program Files\PostgreSQL\11\bin;C:\Program Files\PostgreSQL\11\lib;C:\Program Files\PuTTY\;C:\Users\hithg\Desktop\pythonlearning\JavaLearning\apache-maven-3.6.3\bin;C:\Program Files\Java\jdk-11.0.7\bin;C:\Program Files\Java\jdk-11.0.7\bin;;C:\Program Files\Docker\Docker\resources\bin;C:\ProgramData\DockerDesktop\version-bin;C:\Users\hithg\Anaconda3;C:\Users\hithg\Anaconda3\Library\mingw-w64\bin;C:\Users\hithg\Anaconda3\Library\usr\bin;C:\Users\hithg\Anaconda3\Library\bin;C:\Users\hithg\Anaconda3\Scripts;C:\Users\hithg\AppData\Local\Programs\Python\Python37-32\Scripts\;C:\Users\hithg\AppData\Local\Programs\Python\Python37-32\;C:\Users\hithg\AppData\Local\Microsoft\WindowsApps;C:\Users\hithg\AppData\Local\atom\bin;C:\Users\hithg\AppData\Local\Programs\Microsoft VS Code\bin;C:\Users\hithg\AppData\Local\GitHubDesktop\bin;C:\Program Files\JetBrains\PyCharm 2019.3.2\bin;;."/>
    <property name="maven.conf" value="C:\Users\hithg\Desktop\pythonlearning\JavaLearning\apache-maven-3.6.3\bin\../conf"/>
    <property name="jdk.debug" value="release"/>
    <property name="java.class.version" value="55.0"/>
    <property name="java.specification.name" value="Java Platform API Specification"/>
    <property name="sun.management.compiler" value="HotSpot 64-Bit Tiered Compilers"/>
    <property name="os.version" value="10.0"/>
    <property name="library.jansi.path" value="C:\Users\hithg\Desktop\pythonlearning\JavaLearning\apache-maven-3.6.3\bin\..\lib\jansi-native"/>
    <property name="user.home" value="C:\Users\hithg"/>
    <property name="user.timezone" value="Europe/Belgrade"/>
    <property name="java.awt.printerjob" value="sun.awt.windows.WPrinterJob"/>
    <property name="file.encoding" value="Cp1250"/>
    <property name="java.specification.version" value="11"/>
    <property name="user.name" value="hithg"/>
    <property name="java.class.path" value="C:\Users\hithg\Desktop\pythonlearning\JavaLearning\apache-maven-3.6.3\bin\..\boot\plexus-classworlds-2.6.0.jar"/>
    <property name="java.vm.specification.version" value="11"/>
    <property name="sun.arch.data.model" value="64"/>
    <property name="sun.java.command" value="org.codehaus.plexus.classworlds.launcher.Launcher test"/>
    <property name="java.home" value="C:\Program Files\Java\jdk-11.0.7"/>
    <property name="user.language" value="pl"/>
    <property name="java.specification.vendor" value="Oracle Corporation"/>
    <property name="awt.toolkit" value="sun.awt.windows.WToolkit"/>
    <property name="java.vm.info" value="mixed mode"/>
    <property name="java.version" value="11.0.7"/>
    <property name="java.vendor" value="Oracle Corporation"/>
    <property name="sun.stderr.encoding" value="cp852"/>
    <property name="maven.home" value="C:\Users\hithg\Desktop\pythonlearning\JavaLearning\apache-maven-3.6.3\bin\.."/>
    <property name="file.separator" value="\"/>
    <property name="java.version.date" value="2020-04-14"/>
    <property name="java.vendor.url.bug" value="https://bugreport.java.com/bugreport/"/>
    <property name="sun.io.unicode.encoding" value="UnicodeLittle"/>
    <property name="sun.cpu.endian" value="little"/>
    <property name="java.vendor.version" value="18.9"/>
    <property name="sun.stdout.encoding" value="cp852"/>
    <property name="sun.desktop" value="windows"/>
    <property name="sun.cpu.isalist" value="amd64"/>
  </properties>
  <testcase classname="Mealcards" name="User created mealcards are assigned appropriate names" time="2.739"/>
  <testcase classname="Mealcards" name="User created mealcards are assigned appropriate names" time="0.268"/>
  <testcase classname="Mealcards" name="User created mealcards are assigned appropriate names" time="0.262"/>
  <testcase classname="Mealcards" name="User saves mealcards and retrieves them" time="0.338"/>
  <testcase classname="(A description)" name="(A description)" time="0.004"/>
  <testcase classname="Manipulating mealcards at DOM level" name="User creates two mealcards and saves them" time="13.637"/>
  <testcase classname="Manipulating mealcards at DOM level" name="User creates two mealcards and saves them" time="10.764"/>
  <testcase classname="Manipulating mealcards at DOM level" name="User creates two mealcards and saves them" time="10.479"/>
  <testcase classname="Manipulating mealcards at DOM level" name="User can add and remove mealcard at DOM level" time="13.018"/>
  <testcase classname="Manipulating mealcards at DOM level" name="User retrieves 3 mealcards removes middle one and adds another" time="11.714"/>
  <testcase classname="A description" name="A scenario" time="0.004"/>
  <testcase classname="UserLogin" name="User cannot pick a date without logging in" time="6.66"/>
  <testcase classname="UserLogin" name="User logs in with valid credentials" time="6.225"/>
  <testcase classname="UserLogin" name="User logs in and logs out successfully" time="6.846"/>
</testsuite>